<?xml version="1.0" encoding="UTF-8"?>
<testng-results ignored="0" total="1" passed="1" failed="0" skipped="0">
  <reporter-output>
  </reporter-output>
  <suite started-at="2019-12-23T15:34:02 IST" name="Default suite" finished-at="2019-12-23T15:34:19 IST" duration-ms="17299">
    <groups>
    </groups>
    <test started-at="2019-12-23T15:34:02 IST" name="Default test" finished-at="2019-12-23T15:34:19 IST" duration-ms="17299">
      <class name="EPack.Demo">
        <test-method signature="testOmayo()[pri:0, instance:EPack.Demo@7692d9cc]" started-at="2019-12-23T15:34:02 IST" name="testOmayo" finished-at="2019-12-23T15:34:19 IST" duration-ms="16516" status="PASS">
          <reporter-output>
          </reporter-output>
        </test-method> <!-- testOmayo -->
        <test-method is-config="true" signature="testClosure()[pri:0, instance:EPack.Demo@7692d9cc]" started-at="2019-12-23T15:34:19 IST" name="testClosure" finished-at="2019-12-23T15:34:19 IST" duration-ms="665" status="PASS">
          <reporter-output>
          </reporter-output>
        </test-method> <!-- testClosure -->
      </class> <!-- EPack.Demo -->
    </test> <!-- Default test -->
  </suite> <!-- Default suite -->
</testng-results>
